<?xml version="1.0" encoding="UTF-8"?>
<!-- Generated by org.testng.reporters.JUnitReportReporter -->
<testsuite hostname="DESKTOP-C4LC40M" failures="0" tests="1" name="TestLayer.LoginPage" time="0.225" errors="0" timestamp="2022-11-25T21:23:32 IST" skipped="0">
  <testcase classname="TestLayer.LoginPage" name="loginFunctionality" time="0.225"/>
  <system-out/>
</testsuite> <!-- TestLayer.LoginPage -->
